c:\catan\debug\vc141.pdb
c:\catan\debug\vc141.idb
c:\catan\debug\board.obj
c:\catan\debug\building.obj
c:\catan\debug\card.obj
c:\catan\debug\city.obj
c:\catan\debug\devcarddeck.obj
c:\catan\debug\developmentcard.obj
c:\catan\debug\gameengine.obj
c:\catan\debug\main.obj
c:\catan\debug\player.obj
c:\catan\debug\resourcecard.obj
c:\catan\debug\road.obj
c:\catan\debug\robber.obj
c:\catan\debug\settlement.obj
c:\catan\debug\specialcard.obj
c:\catan\debug\tile.obj
c:\catan\debug\settlersofcatangit.ilk
c:\catan\debug\settlersofcatangit.exe
c:\catan\debug\settlersofcatangit.pdb
c:\catan\debug\settlersofcatangit.lib
c:\catan\debug\settlersofcatangit.exp
c:\catan\debug\settlers.c4a02d0e.tlog\cl.command.1.tlog
c:\catan\debug\settlers.c4a02d0e.tlog\cl.read.1.tlog
c:\catan\debug\settlers.c4a02d0e.tlog\cl.write.1.tlog
c:\catan\debug\settlers.c4a02d0e.tlog\link.command.1.tlog
c:\catan\debug\settlers.c4a02d0e.tlog\link.read.1.tlog
c:\catan\debug\settlers.c4a02d0e.tlog\link.write.1.tlog
c:\catan\debug\settlers.c4a02d0e.tlog\settlersofcatangit.write.1u.tlog
