c:\users\bram\documents\master\advanced programming\project\catan\x64\debug\vc141.pdb
c:\users\bram\documents\master\advanced programming\project\catan\x64\debug\vc141.idb
c:\users\bram\documents\master\advanced programming\project\catan\x64\debug\gameengine.obj
c:\users\bram\documents\master\advanced programming\project\catan\x64\debug\player.obj
c:\users\bram\source\repos\catan\x64\debug\vc141.pdb
c:\users\bram\source\repos\catan\x64\debug\vc141.idb
c:\users\bram\source\repos\catan\x64\debug\gameengine.obj
c:\users\bram\source\repos\catan\x64\debug\player.obj
c:\users\454b\source\repos\catan\x64\debug\vc141.pdb
c:\users\454b\source\repos\catan\x64\debug\vc141.idb
c:\users\454b\source\repos\catan\x64\debug\gameengine.obj
c:\users\454b\source\repos\catan\x64\debug\board.obj
c:\users\454b\source\repos\catan\x64\debug\building.obj
c:\users\454b\source\repos\catan\x64\debug\card.obj
c:\users\454b\source\repos\catan\x64\debug\city.obj
c:\users\454b\source\repos\catan\x64\debug\resourcecard.obj
c:\users\454b\source\repos\catan\x64\debug\road.obj
c:\users\454b\source\repos\catan\x64\debug\settlement.obj
c:\users\454b\source\repos\catan\x64\debug\tile.obj
c:\users\454b\source\repos\catan\x64\debug\settlers.c4a02d0e.tlog\cl.command.1.tlog
c:\users\454b\source\repos\catan\x64\debug\settlers.c4a02d0e.tlog\cl.read.1.tlog
c:\users\454b\source\repos\catan\x64\debug\settlers.c4a02d0e.tlog\cl.write.1.tlog
